<?xml version="1.0" encoding="UTF-8"?>
<!-- Generated by org.testng.reporters.JUnitXMLReporter -->
<testsuite ignored="0" hostname="Freshworks" failures="0" tests="4" name="Test" time="21.448" errors="0" timestamp="2024-07-29T05:22:00 PDT">
  <testcase classname="testCases_Todo.TodoRegistration" name="OpenGoogle" time="0.06"/>
  <testcase classname="testCases_Todo.TodoRegistration" name="emailSignup" time="7.206"/>
  <testcase classname="testCases_Todo.TodoRegistration" name="emailDuplicateSignup" time="5.197"/>
  <testcase classname="testCases_Todo.TodoRegistration" name="Login" time="8.871"/>
</testsuite> <!-- Test -->
