<?xml version="1.0" encoding="UTF-8"?>
<testng-results ignored="0" total="1" passed="1" failed="0" skipped="0">
  <reporter-output>
  </reporter-output>
  <suite started-at="2024-07-25T03:26:19 PDT" name="Suite" finished-at="2024-07-25T03:26:23 PDT" duration-ms="3381">
    <groups>
    </groups>
    <test started-at="2024-07-25T03:26:19 PDT" name="Test" finished-at="2024-07-25T03:26:23 PDT" duration-ms="3381">
      <class name="testCases_Todo.TodoRegistration">
        <test-method is-config="true" signature="browserLauncher()[pri:0, instance:testCases_Todo.TodoRegistration@2e3967ea]" started-at="2024-07-25T03:26:13 PDT" name="browserLauncher" finished-at="2024-07-25T03:26:19 PDT" duration-ms="6068" status="PASS">
          <reporter-output>
          </reporter-output>
        </test-method> <!-- browserLauncher -->
        <test-method signature="emailLogin()[pri:0, instance:testCases_Todo.TodoRegistration@2e3967ea]" started-at="2024-07-25T03:26:19 PDT" name="emailLogin" finished-at="2024-07-25T03:26:23 PDT" duration-ms="3264" status="PASS">
          <reporter-output>
          </reporter-output>
        </test-method> <!-- emailLogin -->
      </class> <!-- testCases_Todo.TodoRegistration -->
    </test> <!-- Test -->
  </suite> <!-- Suite -->
</testng-results>
